============================= test session starts ==============================
platform linux -- Python 3.12.12, pytest-9.0.2, pluggy-1.6.0 -- /home/vishal/code/agritech/.venv/bin/python3.12
cachedir: .pytest_cache
rootdir: /home/vishal/code/agritech
configfile: pytest.ini
plugins: anyio-4.12.1, cov-7.0.0, asyncio-1.3.0
asyncio: mode=Mode.AUTO, debug=False, asyncio_default_fixture_loop_scope=None, asyncio_default_test_loop_scope=function
collecting ... collected 2 items

tests/test_health.py::test_health_endpoint ERROR                         [ 50%]
tests/test_health.py::test_health_endpoint_structure ERROR               [100%]
ERROR: Coverage failure: total of 30 is less than fail-under=80


==================================== ERRORS ====================================
____________________ ERROR at setup of test_health_endpoint ____________________
.venv/lib64/python3.12/site-packages/pytest_asyncio/plugin.py:730: in pytest_fixture_setup
    return (yield)
            ^^^^^
tests/conftest.py:114: in test_client
    client = TestClient(app, raise_server_exceptions=True)
             ^^^^^^^^^^^^^^^^^^^^^^^^^^^^^^^^^^^^^^^^^^^^^
.venv/lib64/python3.12/site-packages/starlette/testclient.py:402: in __init__
    super().__init__(
E   TypeError: Client.__init__() got an unexpected keyword argument 'app'
---------------------------- Captured stdout setup -----------------------------
[32m2026-01-27 19:40:58.904[0m | [1mINFO    [0m | [36mapp.core.logging_config[0m:[36msetup_logging[0m:[36m177[0m | [1mLogging configured: level=INFO, format=json[0m
_______________ ERROR at setup of test_health_endpoint_structure _______________
.venv/lib64/python3.12/site-packages/pytest_asyncio/plugin.py:730: in pytest_fixture_setup
    return (yield)
            ^^^^^
tests/conftest.py:114: in test_client
    client = TestClient(app, raise_server_exceptions=True)
             ^^^^^^^^^^^^^^^^^^^^^^^^^^^^^^^^^^^^^^^^^^^^^
.venv/lib64/python3.12/site-packages/starlette/testclient.py:402: in __init__
    super().__init__(
E   TypeError: Client.__init__() got an unexpected keyword argument 'app'
------------------------------ Captured log setup ------------------------------
DEBUG    asyncio:selector_events.py:64 Using selector: EpollSelector
DEBUG    aiosqlite:core.py:62 executing <function connect.<locals>.connector at 0x7f380a0d8cc0>
DEBUG    aiosqlite:core.py:67 operation <function connect.<locals>.connector at 0x7f380a0d8cc0> completed
DEBUG    aiosqlite:core.py:62 executing functools.partial(<built-in method create_function of sqlite3.Connection object at 0x7f380a0fa5c0>, 'regexp', 2, <function SQLiteDialect_pysqlite.on_connect.<locals>.regexp at 0x7f380a0d8540>, deterministic=True)
DEBUG    aiosqlite:core.py:67 operation functools.partial(<built-in method create_function of sqlite3.Connection object at 0x7f380a0fa5c0>, 'regexp', 2, <function SQLiteDialect_pysqlite.on_connect.<locals>.regexp at 0x7f380a0d8540>, deterministic=True) completed
DEBUG    aiosqlite:core.py:62 executing functools.partial(<built-in method create_function of sqlite3.Connection object at 0x7f380a0fa5c0>, 'floor', 1, <built-in function floor>, deterministic=True)
DEBUG    aiosqlite:core.py:67 operation functools.partial(<built-in method create_function of sqlite3.Connection object at 0x7f380a0fa5c0>, 'floor', 1, <built-in function floor>, deterministic=True) completed
DEBUG    aiosqlite:core.py:62 executing functools.partial(<built-in method cursor of sqlite3.Connection object at 0x7f380a0fa5c0>)
DEBUG    aiosqlite:core.py:67 operation functools.partial(<built-in method cursor of sqlite3.Connection object at 0x7f380a0fa5c0>) completed
DEBUG    aiosqlite:core.py:62 executing functools.partial(<built-in method execute of sqlite3.Cursor object at 0x7f3823ea15c0>, 'PRAGMA read_uncommitted', [])
DEBUG    aiosqlite:core.py:67 operation functools.partial(<built-in method execute of sqlite3.Cursor object at 0x7f3823ea15c0>, 'PRAGMA read_uncommitted', []) completed
DEBUG    aiosqlite:core.py:62 executing functools.partial(<built-in method fetchall of sqlite3.Cursor object at 0x7f3823ea15c0>)
DEBUG    aiosqlite:core.py:67 operation functools.partial(<built-in method fetchall of sqlite3.Cursor object at 0x7f3823ea15c0>) completed
DEBUG    aiosqlite:core.py:62 executing functools.partial(<built-in method close of sqlite3.Cursor object at 0x7f3823ea15c0>)
DEBUG    aiosqlite:core.py:67 operation functools.partial(<built-in method close of sqlite3.Cursor object at 0x7f3823ea15c0>) completed
DEBUG    aiosqlite:core.py:62 executing functools.partial(<built-in method rollback of sqlite3.Connection object at 0x7f380a0fa5c0>)
DEBUG    aiosqlite:core.py:67 operation functools.partial(<built-in method rollback of sqlite3.Connection object at 0x7f380a0fa5c0>) completed
DEBUG    aiosqlite:core.py:62 executing functools.partial(<built-in method cursor of sqlite3.Connection object at 0x7f380a0fa5c0>)
DEBUG    aiosqlite:core.py:67 operation functools.partial(<built-in method cursor of sqlite3.Connection object at 0x7f380a0fa5c0>) completed
DEBUG    aiosqlite:core.py:62 executing functools.partial(<built-in method execute of sqlite3.Cursor object at 0x7f3823ea2540>, 'PRAGMA main.table_info("commodities")', ())
DEBUG    aiosqlite:core.py:67 operation functools.partial(<built-in method execute of sqlite3.Cursor object at 0x7f3823ea2540>, 'PRAGMA main.table_info("commodities")', ()) completed
DEBUG    aiosqlite:core.py:62 executing functools.partial(<built-in method fetchall of sqlite3.Cursor object at 0x7f3823ea2540>)
DEBUG    aiosqlite:core.py:67 operation functools.partial(<built-in method fetchall of sqlite3.Cursor object at 0x7f3823ea2540>) completed
DEBUG    aiosqlite:core.py:62 executing functools.partial(<built-in method close of sqlite3.Cursor object at 0x7f3823ea2540>)
DEBUG    aiosqlite:core.py:67 operation functools.partial(<built-in method close of sqlite3.Cursor object at 0x7f3823ea2540>) completed
DEBUG    aiosqlite:core.py:62 executing functools.partial(<built-in method cursor of sqlite3.Connection object at 0x7f380a0fa5c0>)
DEBUG    aiosqlite:core.py:67 operation functools.partial(<built-in method cursor of sqlite3.Connection object at 0x7f380a0fa5c0>) completed
DEBUG    aiosqlite:core.py:62 executing functools.partial(<built-in method execute of sqlite3.Cursor object at 0x7f3823ea26c0>, 'PRAGMA temp.table_info("commodities")', ())
DEBUG    aiosqlite:core.py:67 operation functools.partial(<built-in method execute of sqlite3.Cursor object at 0x7f3823ea26c0>, 'PRAGMA temp.table_info("commodities")', ()) completed
DEBUG    aiosqlite:core.py:62 executing functools.partial(<built-in method fetchall of sqlite3.Cursor object at 0x7f3823ea26c0>)
DEBUG    aiosqlite:core.py:67 operation functools.partial(<built-in method fetchall of sqlite3.Cursor object at 0x7f3823ea26c0>) completed
DEBUG    aiosqlite:core.py:62 executing functools.partial(<built-in method close of sqlite3.Cursor object at 0x7f3823ea26c0>)
DEBUG    aiosqlite:core.py:67 operation functools.partial(<built-in method close of sqlite3.Cursor object at 0x7f3823ea26c0>) completed
DEBUG    aiosqlite:core.py:62 executing functools.partial(<built-in method cursor of sqlite3.Connection object at 0x7f380a0fa5c0>)
DEBUG    aiosqlite:core.py:67 operation functools.partial(<built-in method cursor of sqlite3.Connection object at 0x7f380a0fa5c0>) completed
DEBUG    aiosqlite:core.py:62 executing functools.partial(<built-in method execute of sqlite3.Cursor object at 0x7f3823ea1740>, 'PRAGMA main.table_info("markets")', ())
DEBUG    aiosqlite:core.py:67 operation functools.partial(<built-in method execute of sqlite3.Cursor object at 0x7f3823ea1740>, 'PRAGMA main.table_info("markets")', ()) completed
DEBUG    aiosqlite:core.py:62 executing functools.partial(<built-in method fetchall of sqlite3.Cursor object at 0x7f3823ea1740>)
DEBUG    aiosqlite:core.py:67 operation functools.partial(<built-in method fetchall of sqlite3.Cursor object at 0x7f3823ea1740>) completed
DEBUG    aiosqlite:core.py:62 executing functools.partial(<built-in method close of sqlite3.Cursor object at 0x7f3823ea1740>)
DEBUG    aiosqlite:core.py:67 operation functools.partial(<built-in method close of sqlite3.Cursor object at 0x7f3823ea1740>) completed
DEBUG    aiosqlite:core.py:62 executing functools.partial(<built-in method cursor of sqlite3.Connection object at 0x7f380a0fa5c0>)
DEBUG    aiosqlite:core.py:67 operation functools.partial(<built-in method cursor of sqlite3.Connection object at 0x7f380a0fa5c0>) completed
DEBUG    aiosqlite:core.py:62 executing functools.partial(<built-in method execute of sqlite3.Cursor object at 0x7f3823ea0c40>, 'PRAGMA temp.table_info("markets")', ())
DEBUG    aiosqlite:core.py:67 operation functools.partial(<built-in method execute of sqlite3.Cursor object at 0x7f3823ea0c40>, 'PRAGMA temp.table_info("markets")', ()) completed
DEBUG    aiosqlite:core.py:62 executing functools.partial(<built-in method fetchall of sqlite3.Cursor object at 0x7f3823ea0c40>)
DEBUG    aiosqlite:core.py:67 operation functools.partial(<built-in method fetchall of sqlite3.Cursor object at 0x7f3823ea0c40>) completed
DEBUG    aiosqlite:core.py:62 executing functools.partial(<built-in method close of sqlite3.Cursor object at 0x7f3823ea0c40>)
DEBUG    aiosqlite:core.py:67 operation functools.partial(<built-in method close of sqlite3.Cursor object at 0x7f3823ea0c40>) completed
DEBUG    aiosqlite:core.py:62 executing functools.partial(<built-in method cursor of sqlite3.Connection object at 0x7f380a0fa5c0>)
DEBUG    aiosqlite:core.py:67 operation functools.partial(<built-in method cursor of sqlite3.Connection object at 0x7f380a0fa5c0>) completed
DEBUG    aiosqlite:core.py:62 executing functools.partial(<built-in method execute of sqlite3.Cursor object at 0x7f3823ea0e40>, 'PRAGMA main.table_info("market_prices")', ())
DEBUG    aiosqlite:core.py:67 operation functools.partial(<built-in method execute of sqlite3.Cursor object at 0x7f3823ea0e40>, 'PRAGMA main.table_info("market_prices")', ()) completed
DEBUG    aiosqlite:core.py:62 executing functools.partial(<built-in method fetchall of sqlite3.Cursor object at 0x7f3823ea0e40>)
DEBUG    aiosqlite:core.py:67 operation functools.partial(<built-in method fetchall of sqlite3.Cursor object at 0x7f3823ea0e40>) completed
DEBUG    aiosqlite:core.py:62 executing functools.partial(<built-in method close of sqlite3.Cursor object at 0x7f3823ea0e40>)
DEBUG    aiosqlite:core.py:67 operation functools.partial(<built-in method close of sqlite3.Cursor object at 0x7f3823ea0e40>) completed
DEBUG    aiosqlite:core.py:62 executing functools.partial(<built-in method cursor of sqlite3.Connection object at 0x7f380a0fa5c0>)
DEBUG    aiosqlite:core.py:67 operation functools.partial(<built-in method cursor of sqlite3.Connection object at 0x7f380a0fa5c0>) completed
DEBUG    aiosqlite:core.py:62 executing functools.partial(<built-in method execute of sqlite3.Cursor object at 0x7f3823ea0fc0>, 'PRAGMA temp.table_info("market_prices")', ())
DEBUG    aiosqlite:core.py:67 operation functools.partial(<built-in method execute of sqlite3.Cursor object at 0x7f3823ea0fc0>, 'PRAGMA temp.table_info("market_prices")', ()) completed
DEBUG    aiosqlite:core.py:62 executing functools.partial(<built-in method fetchall of sqlite3.Cursor object at 0x7f3823ea0fc0>)
DEBUG    aiosqlite:core.py:67 operation functools.partial(<built-in method fetchall of sqlite3.Cursor object at 0x7f3823ea0fc0>) completed
DEBUG    aiosqlite:core.py:62 executing functools.partial(<built-in method close of sqlite3.Cursor object at 0x7f3823ea0fc0>)
DEBUG    aiosqlite:core.py:67 operation functools.partial(<built-in method close of sqlite3.Cursor object at 0x7f3823ea0fc0>) completed
DEBUG    aiosqlite:core.py:62 executing functools.partial(<built-in method cursor of sqlite3.Connection object at 0x7f380a0fa5c0>)
DEBUG    aiosqlite:core.py:67 operation functools.partial(<built-in method cursor of sqlite3.Connection object at 0x7f380a0fa5c0>) completed
DEBUG    aiosqlite:core.py:62 executing functools.partial(<built-in method execute of sqlite3.Cursor object at 0x7f3823ea0d40>, 'PRAGMA main.table_info("alerts")', ())
DEBUG    aiosqlite:core.py:67 operation functools.partial(<built-in method execute of sqlite3.Cursor object at 0x7f3823ea0d40>, 'PRAGMA main.table_info("alerts")', ()) completed
DEBUG    aiosqlite:core.py:62 executing functools.partial(<built-in method fetchall of sqlite3.Cursor object at 0x7f3823ea0d40>)
DEBUG    aiosqlite:core.py:67 operation functools.partial(<built-in method fetchall of sqlite3.Cursor object at 0x7f3823ea0d40>) completed
DEBUG    aiosqlite:core.py:62 executing functools.partial(<built-in method close of sqlite3.Cursor object at 0x7f3823ea0d40>)
DEBUG    aiosqlite:core.py:67 operation functools.partial(<built-in method close of sqlite3.Cursor object at 0x7f3823ea0d40>) completed
DEBUG    aiosqlite:core.py:62 executing functools.partial(<built-in method cursor of sqlite3.Connection object at 0x7f380a0fa5c0>)
DEBUG    aiosqlite:core.py:67 operation functools.partial(<built-in method cursor of sqlite3.Connection object at 0x7f380a0fa5c0>) completed
DEBUG    aiosqlite:core.py:62 executing functools.partial(<built-in method execute of sqlite3.Cursor object at 0x7f380a102e40>, 'PRAGMA temp.table_info("alerts")', ())
DEBUG    aiosqlite:core.py:67 operation functools.partial(<built-in method execute of sqlite3.Cursor object at 0x7f380a102e40>, 'PRAGMA temp.table_info("alerts")', ()) completed
DEBUG    aiosqlite:core.py:62 executing functools.partial(<built-in method fetchall of sqlite3.Cursor object at 0x7f380a102e40>)
DEBUG    aiosqlite:core.py:67 operation functools.partial(<built-in method fetchall of sqlite3.Cursor object at 0x7f380a102e40>) completed
DEBUG    aiosqlite:core.py:62 executing functools.partial(<built-in method close of sqlite3.Cursor object at 0x7f380a102e40>)
DEBUG    aiosqlite:core.py:67 operation functools.partial(<built-in method close of sqlite3.Cursor object at 0x7f380a102e40>) completed
DEBUG    aiosqlite:core.py:62 executing functools.partial(<built-in method cursor of sqlite3.Connection object at 0x7f380a0fa5c0>)
DEBUG    aiosqlite:core.py:67 operation functools.partial(<built-in method cursor of sqlite3.Connection object at 0x7f380a0fa5c0>) completed
DEBUG    aiosqlite:core.py:62 executing functools.partial(<built-in method execute of sqlite3.Cursor object at 0x7f380a102b40>, 'PRAGMA main.table_info("inventory")', ())
DEBUG    aiosqlite:core.py:67 operation functools.partial(<built-in method execute of sqlite3.Cursor object at 0x7f380a102b40>, 'PRAGMA main.table_info("inventory")', ()) completed
DEBUG    aiosqlite:core.py:62 executing functools.partial(<built-in method fetchall of sqlite3.Cursor object at 0x7f380a102b40>)
DEBUG    aiosqlite:core.py:67 operation functools.partial(<built-in method fetchall of sqlite3.Cursor object at 0x7f380a102b40>) completed
DEBUG    aiosqlite:core.py:62 executing functools.partial(<built-in method close of sqlite3.Cursor object at 0x7f380a102b40>)
DEBUG    aiosqlite:core.py:67 operation functools.partial(<built-in method close of sqlite3.Cursor object at 0x7f380a102b40>) completed
DEBUG    aiosqlite:core.py:62 executing functools.partial(<built-in method cursor of sqlite3.Connection object at 0x7f380a0fa5c0>)
DEBUG    aiosqlite:core.py:67 operation functools.partial(<built-in method cursor of sqlite3.Connection object at 0x7f380a0fa5c0>) completed
DEBUG    aiosqlite:core.py:62 executing functools.partial(<built-in method execute of sqlite3.Cursor object at 0x7f380a100740>, 'PRAGMA temp.table_info("inventory")', ())
DEBUG    aiosqlite:core.py:67 operation functools.partial(<built-in method execute of sqlite3.Cursor object at 0x7f380a100740>, 'PRAGMA temp.table_info("inventory")', ()) completed
DEBUG    aiosqlite:core.py:62 executing functools.partial(<built-in method fetchall of sqlite3.Cursor object at 0x7f380a100740>)
DEBUG    aiosqlite:core.py:67 operation functools.partial(<built-in method fetchall of sqlite3.Cursor object at 0x7f380a100740>) completed
DEBUG    aiosqlite:core.py:62 executing functools.partial(<built-in method close of sqlite3.Cursor object at 0x7f380a100740>)
DEBUG    aiosqlite:core.py:67 operation functools.partial(<built-in method close of sqlite3.Cursor object at 0x7f380a100740>) completed
DEBUG    aiosqlite:core.py:62 executing functools.partial(<built-in method cursor of sqlite3.Connection object at 0x7f380a0fa5c0>)
DEBUG    aiosqlite:core.py:67 operation functools.partial(<built-in method cursor of sqlite3.Connection object at 0x7f380a0fa5c0>) completed
DEBUG    aiosqlite:core.py:62 executing functools.partial(<built-in method execute of sqlite3.Cursor object at 0x7f380a1007c0>, 'PRAGMA main.table_info("prediction_metrics")', ())
DEBUG    aiosqlite:core.py:67 operation functools.partial(<built-in method execute of sqlite3.Cursor object at 0x7f380a1007c0>, 'PRAGMA main.table_info("prediction_metrics")', ()) completed
DEBUG    aiosqlite:core.py:62 executing functools.partial(<built-in method fetchall of sqlite3.Cursor object at 0x7f380a1007c0>)
DEBUG    aiosqlite:core.py:67 operation functools.partial(<built-in method fetchall of sqlite3.Cursor object at 0x7f380a1007c0>) completed
DEBUG    aiosqlite:core.py:62 executing functools.partial(<built-in method close of sqlite3.Cursor object at 0x7f380a1007c0>)
DEBUG    aiosqlite:core.py:67 operation functools.partial(<built-in method close of sqlite3.Cursor object at 0x7f380a1007c0>) completed
DEBUG    aiosqlite:core.py:62 executing functools.partial(<built-in method cursor of sqlite3.Connection object at 0x7f380a0fa5c0>)
DEBUG    aiosqlite:core.py:67 operation functools.partial(<built-in method cursor of sqlite3.Connection object at 0x7f380a0fa5c0>) completed
DEBUG    aiosqlite:core.py:62 executing functools.partial(<built-in method execute of sqlite3.Cursor object at 0x7f380a100840>, 'PRAGMA temp.table_info("prediction_metrics")', ())
DEBUG    aiosqlite:core.py:67 operation functools.partial(<built-in method execute of sqlite3.Cursor object at 0x7f380a100840>, 'PRAGMA temp.table_info("prediction_metrics")', ()) completed
DEBUG    aiosqlite:core.py:62 executing functools.partial(<built-in method fetchall of sqlite3.Cursor object at 0x7f380a100840>)
DEBUG    aiosqlite:core.py:67 operation functools.partial(<built-in method fetchall of sqlite3.Cursor object at 0x7f380a100840>) completed
DEBUG    aiosqlite:core.py:62 executing functools.partial(<built-in method close of sqlite3.Cursor object at 0x7f380a100840>)
DEBUG    aiosqlite:core.py:67 operation functools.partial(<built-in method close of sqlite3.Cursor object at 0x7f380a100840>) completed
DEBUG    aiosqlite:core.py:62 executing functools.partial(<built-in method cursor of sqlite3.Connection object at 0x7f380a0fa5c0>)
DEBUG    aiosqlite:core.py:67 operation functools.partial(<built-in method cursor of sqlite3.Connection object at 0x7f380a0fa5c0>) completed
DEBUG    aiosqlite:core.py:62 executing functools.partial(<built-in method execute of sqlite3.Cursor object at 0x7f380a1008c0>, 'PRAGMA main.table_info("predictions")', ())
DEBUG    aiosqlite:core.py:67 operation functools.partial(<built-in method execute of sqlite3.Cursor object at 0x7f380a1008c0>, 'PRAGMA main.table_info("predictions")', ()) completed
DEBUG    aiosqlite:core.py:62 executing functools.partial(<built-in method fetchall of sqlite3.Cursor object at 0x7f380a1008c0>)
DEBUG    aiosqlite:core.py:67 operation functools.partial(<built-in method fetchall of sqlite3.Cursor object at 0x7f380a1008c0>) completed
DEBUG    aiosqlite:core.py:62 executing functools.partial(<built-in method close of sqlite3.Cursor object at 0x7f380a1008c0>)
DEBUG    aiosqlite:core.py:67 operation functools.partial(<built-in method close of sqlite3.Cursor object at 0x7f380a1008c0>) completed
DEBUG    aiosqlite:core.py:62 executing functools.partial(<built-in method cursor of sqlite3.Connection object at 0x7f380a0fa5c0>)
DEBUG    aiosqlite:core.py:67 operation functools.partial(<built-in method cursor of sqlite3.Connection object at 0x7f380a0fa5c0>) completed
DEBUG    aiosqlite:core.py:62 executing functools.partial(<built-in method execute of sqlite3.Cursor object at 0x7f380a100940>, 'PRAGMA temp.table_info("predictions")', ())
DEBUG    aiosqlite:core.py:67 operation functools.partial(<built-in method execute of sqlite3.Cursor object at 0x7f380a100940>, 'PRAGMA temp.table_info("predictions")', ()) completed
DEBUG    aiosqlite:core.py:62 executing functools.partial(<built-in method fetchall of sqlite3.Cursor object at 0x7f380a100940>)
DEBUG    aiosqlite:core.py:67 operation functools.partial(<built-in method fetchall of sqlite3.Cursor object at 0x7f380a100940>) completed
DEBUG    aiosqlite:core.py:62 executing functools.partial(<built-in method close of sqlite3.Cursor object at 0x7f380a100940>)
DEBUG    aiosqlite:core.py:67 operation functools.partial(<built-in method close of sqlite3.Cursor object at 0x7f380a100940>) completed
DEBUG    aiosqlite:core.py:62 executing functools.partial(<built-in method cursor of sqlite3.Connection object at 0x7f380a0fa5c0>)
DEBUG    aiosqlite:core.py:67 operation functools.partial(<built-in method cursor of sqlite3.Connection object at 0x7f380a0fa5c0>) completed
DEBUG    aiosqlite:core.py:62 executing functools.partial(<built-in method execute of sqlite3.Cursor object at 0x7f3823ea1140>, '\nCREATE TABLE commodities (\n\tid INTEGER NOT NULL, \n\tname VARCHAR(255) NOT NULL, \n\tcategory VARCHAR(100), \n\tunit VARCHAR(50), \n\tdescription TEXT, \n\tcreated_at DATETIME, \n\tupdated_at DATETIME, \n\tPRIMARY KEY (id)\n)\n\n', ())
DEBUG    aiosqlite:core.py:67 operation functools.partial(<built-in method execute of sqlite3.Cursor object at 0x7f3823ea1140>, '\nCREATE TABLE commodities (\n\tid INTEGER NOT NULL, \n\tname VARCHAR(255) NOT NULL, \n\tcategory VARCHAR(100), \n\tunit VARCHAR(50), \n\tdescription TEXT, \n\tcreated_at DATETIME, \n\tupdated_at DATETIME, \n\tPRIMARY KEY (id)\n)\n\n', ()) completed
DEBUG    aiosqlite:core.py:62 executing functools.partial(<built-in method close of sqlite3.Cursor object at 0x7f3823ea1140>)
DEBUG    aiosqlite:core.py:67 operation functools.partial(<built-in method close of sqlite3.Cursor object at 0x7f3823ea1140>) completed
DEBUG    aiosqlite:core.py:62 executing functools.partial(<built-in method cursor of sqlite3.Connection object at 0x7f380a0fa5c0>)
DEBUG    aiosqlite:core.py:67 operation functools.partial(<built-in method cursor of sqlite3.Connection object at 0x7f380a0fa5c0>) completed
DEBUG    aiosqlite:core.py:62 executing functools.partial(<built-in method execute of sqlite3.Cursor object at 0x7f3823ea1840>, 'CREATE INDEX ix_commodities_category ON commodities (category)', ())
DEBUG    aiosqlite:core.py:67 operation functools.partial(<built-in method execute of sqlite3.Cursor object at 0x7f3823ea1840>, 'CREATE INDEX ix_commodities_category ON commodities (category)', ()) completed
DEBUG    aiosqlite:core.py:62 executing functools.partial(<built-in method close of sqlite3.Cursor object at 0x7f3823ea1840>)
DEBUG    aiosqlite:core.py:67 operation functools.partial(<built-in method close of sqlite3.Cursor object at 0x7f3823ea1840>) completed
DEBUG    aiosqlite:core.py:62 executing functools.partial(<built-in method cursor of sqlite3.Connection object at 0x7f380a0fa5c0>)
DEBUG    aiosqlite:core.py:67 operation functools.partial(<built-in method cursor of sqlite3.Connection object at 0x7f380a0fa5c0>) completed
DEBUG    aiosqlite:core.py:62 executing functools.partial(<built-in method execute of sqlite3.Cursor object at 0x7f3823ea1a40>, 'CREATE INDEX ix_commodities_id ON commodities (id)', ())
DEBUG    aiosqlite:core.py:67 operation functools.partial(<built-in method execute of sqlite3.Cursor object at 0x7f3823ea1a40>, 'CREATE INDEX ix_commodities_id ON commodities (id)', ()) completed
DEBUG    aiosqlite:core.py:62 executing functools.partial(<built-in method close of sqlite3.Cursor object at 0x7f3823ea1a40>)
DEBUG    aiosqlite:core.py:67 operation functools.partial(<built-in method close of sqlite3.Cursor object at 0x7f3823ea1a40>) completed
DEBUG    aiosqlite:core.py:62 executing functools.partial(<built-in method cursor of sqlite3.Connection object at 0x7f380a0fa5c0>)
DEBUG    aiosqlite:core.py:67 operation functools.partial(<built-in method cursor of sqlite3.Connection object at 0x7f380a0fa5c0>) completed
DEBUG    aiosqlite:core.py:62 executing functools.partial(<built-in method execute of sqlite3.Cursor object at 0x7f3823ea1cc0>, 'CREATE INDEX ix_commodities_created_at ON commodities (created_at)', ())
DEBUG    aiosqlite:core.py:67 operation functools.partial(<built-in method execute of sqlite3.Cursor object at 0x7f3823ea1cc0>, 'CREATE INDEX ix_commodities_created_at ON commodities (created_at)', ()) completed
DEBUG    aiosqlite:core.py:62 executing functools.partial(<built-in method close of sqlite3.Cursor object at 0x7f3823ea1cc0>)
DEBUG    aiosqlite:core.py:67 operation functools.partial(<built-in method close of sqlite3.Cursor object at 0x7f3823ea1cc0>) completed
DEBUG    aiosqlite:core.py:62 executing functools.partial(<built-in method cursor of sqlite3.Connection object at 0x7f380a0fa5c0>)
DEBUG    aiosqlite:core.py:67 operation functools.partial(<built-in method cursor of sqlite3.Connection object at 0x7f380a0fa5c0>) completed
DEBUG    aiosqlite:core.py:62 executing functools.partial(<built-in method execute of sqlite3.Cursor object at 0x7f3823ea22c0>, 'CREATE UNIQUE INDEX ix_commodities_name ON commodities (name)', ())
DEBUG    aiosqlite:core.py:67 operation functools.partial(<built-in method execute of sqlite3.Cursor object at 0x7f3823ea22c0>, 'CREATE UNIQUE INDEX ix_commodities_name ON commodities (name)', ()) completed
DEBUG    aiosqlite:core.py:62 executing functools.partial(<built-in method close of sqlite3.Cursor object at 0x7f3823ea22c0>)
DEBUG    aiosqlite:core.py:67 operation functools.partial(<built-in method close of sqlite3.Cursor object at 0x7f3823ea22c0>) completed
DEBUG    aiosqlite:core.py:62 executing functools.partial(<built-in method cursor of sqlite3.Connection object at 0x7f380a0fa5c0>)
DEBUG    aiosqlite:core.py:67 operation functools.partial(<built-in method cursor of sqlite3.Connection object at 0x7f380a0fa5c0>) completed
DEBUG    aiosqlite:core.py:62 executing functools.partial(<built-in method execute of sqlite3.Cursor object at 0x7f3823ea1440>, '\nCREATE TABLE markets (\n\tid INTEGER NOT NULL, \n\tname VARCHAR(255) NOT NULL, \n\tstate VARCHAR(100), \n\tdistrict VARCHAR(100), \n\tlatitude FLOAT, \n\tlongitude FLOAT, \n\tdescription TEXT, \n\tcreated_at DATETIME, \n\tupdated_at DATETIME, \n\tPRIMARY KEY (id), \n\tCONSTRAINT uq_market_state UNIQUE (name, state)\n)\n\n', ())
DEBUG    aiosqlite:core.py:67 operation functools.partial(<built-in method execute of sqlite3.Cursor object at 0x7f3823ea1440>, '\nCREATE TABLE markets (\n\tid INTEGER NOT NULL, \n\tname VARCHAR(255) NOT NULL, \n\tstate VARCHAR(100), \n\tdistrict VARCHAR(100), \n\tlatitude FLOAT, \n\tlongitude FLOAT, \n\tdescription TEXT, \n\tcreated_at DATETIME, \n\tupdated_at DATETIME, \n\tPRIMARY KEY (id), \n\tCONSTRAINT uq_market_state UNIQUE (name, state)\n)\n\n', ()) completed
DEBUG    aiosqlite:core.py:62 executing functools.partial(<built-in method close of sqlite3.Cursor object at 0x7f3823ea1440>)
DEBUG    aiosqlite:core.py:67 operation functools.partial(<built-in method close of sqlite3.Cursor object at 0x7f3823ea1440>) completed
DEBUG    aiosqlite:core.py:62 executing functools.partial(<built-in method cursor of sqlite3.Connection object at 0x7f380a0fa5c0>)
DEBUG    aiosqlite:core.py:67 operation functools.partial(<built-in method cursor of sqlite3.Connection object at 0x7f380a0fa5c0>) completed
DEBUG    aiosqlite:core.py:62 executing functools.partial(<built-in method execute of sqlite3.Cursor object at 0x7f3823ea1240>, 'CREATE INDEX ix_markets_name ON markets (name)', ())
DEBUG    aiosqlite:core.py:67 operation functools.partial(<built-in method execute of sqlite3.Cursor object at 0x7f3823ea1240>, 'CREATE INDEX ix_markets_name ON markets (name)', ()) completed
DEBUG    aiosqlite:core.py:62 executing functools.partial(<built-in method close of sqlite3.Cursor object at 0x7f3823ea1240>)
DEBUG    aiosqlite:core.py:67 operation functools.partial(<built-in method close of sqlite3.Cursor object at 0x7f3823ea1240>) completed
DEBUG    aiosqlite:core.py:62 executing functools.partial(<built-in method cursor of sqlite3.Connection object at 0x7f380a0fa5c0>)
DEBUG    aiosqlite:core.py:67 operation functools.partial(<built-in method cursor of sqlite3.Connection object at 0x7f380a0fa5c0>) completed
DEBUG    aiosqlite:core.py:62 executing functools.partial(<built-in method execute of sqlite3.Cursor object at 0x7f380a100d40>, 'CREATE INDEX ix_markets_state ON markets (state)', ())
DEBUG    aiosqlite:core.py:67 operation functools.partial(<built-in method execute of sqlite3.Cursor object at 0x7f380a100d40>, 'CREATE INDEX ix_markets_state ON markets (state)', ()) completed
DEBUG    aiosqlite:core.py:62 executing functools.partial(<built-in method close of sqlite3.Cursor object at 0x7f380a100d40>)
DEBUG    aiosqlite:core.py:67 operation functools.partial(<built-in method close of sqlite3.Cursor object at 0x7f380a100d40>) completed
DEBUG    aiosqlite:core.py:62 executing functools.partial(<built-in method cursor of sqlite3.Connection object at 0x7f380a0fa5c0>)
DEBUG    aiosqlite:core.py:67 operation functools.partial(<built-in method cursor of sqlite3.Connection object at 0x7f380a0fa5c0>) completed
DEBUG    aiosqlite:core.py:62 executing functools.partial(<built-in method execute of sqlite3.Cursor object at 0x7f380a100bc0>, 'CREATE INDEX ix_markets_created_at ON markets (created_at)', ())
DEBUG    aiosqlite:core.py:67 operation functools.partial(<built-in method execute of sqlite3.Cursor object at 0x7f380a100bc0>, 'CREATE INDEX ix_markets_created_at ON markets (created_at)', ()) completed
DEBUG    aiosqlite:core.py:62 executing functools.partial(<built-in method close of sqlite3.Cursor object at 0x7f380a100bc0>)
DEBUG    aiosqlite:core.py:67 operation functools.partial(<built-in method close of sqlite3.Cursor object at 0x7f380a100bc0>) completed
DEBUG    aiosqlite:core.py:62 executing functools.partial(<built-in method cursor of sqlite3.Connection object at 0x7f380a0fa5c0>)
DEBUG    aiosqlite:core.py:67 operation functools.partial(<built-in method cursor of sqlite3.Connection object at 0x7f380a0fa5c0>) completed
DEBUG    aiosqlite:core.py:62 executing functools.partial(<built-in method execute of sqlite3.Cursor object at 0x7f380a102840>, 'CREATE INDEX ix_markets_district ON markets (district)', ())
DEBUG    aiosqlite:core.py:67 operation functools.partial(<built-in method execute of sqlite3.Cursor object at 0x7f380a102840>, 'CREATE INDEX ix_markets_district ON markets (district)', ()) completed
DEBUG    aiosqlite:core.py:62 executing functools.partial(<built-in method close of sqlite3.Cursor object at 0x7f380a102840>)
DEBUG    aiosqlite:core.py:67 operation functools.partial(<built-in method close of sqlite3.Cursor object at 0x7f380a102840>) completed
DEBUG    aiosqlite:core.py:62 executing functools.partial(<built-in method cursor of sqlite3.Connection object at 0x7f380a0fa5c0>)
DEBUG    aiosqlite:core.py:67 operation functools.partial(<built-in method cursor of sqlite3.Connection object at 0x7f380a0fa5c0>) completed
DEBUG    aiosqlite:core.py:62 executing functools.partial(<built-in method execute of sqlite3.Cursor object at 0x7f380a101240>, 'CREATE INDEX ix_markets_id ON markets (id)', ())
DEBUG    aiosqlite:core.py:67 operation functools.partial(<built-in method execute of sqlite3.Cursor object at 0x7f380a101240>, 'CREATE INDEX ix_markets_id ON markets (id)', ()) completed
DEBUG    aiosqlite:core.py:62 executing functools.partial(<built-in method close of sqlite3.Cursor object at 0x7f380a101240>)
DEBUG    aiosqlite:core.py:67 operation functools.partial(<built-in method close of sqlite3.Cursor object at 0x7f380a101240>) completed
DEBUG    aiosqlite:core.py:62 executing functools.partial(<built-in method cursor of sqlite3.Connection object at 0x7f380a0fa5c0>)
DEBUG    aiosqlite:core.py:67 operation functools.partial(<built-in method cursor of sqlite3.Connection object at 0x7f380a0fa5c0>) completed
DEBUG    aiosqlite:core.py:62 executing functools.partial(<built-in method execute of sqlite3.Cursor object at 0x7f3823ea24c0>, '\nCREATE TABLE prediction_metrics (\n\tid INTEGER NOT NULL, \n\tmodel_name VARCHAR(100) NOT NULL, \n\tmodel_version VARCHAR(50) NOT NULL, \n\taccuracy FLOAT, \n\trmse FLOAT, \n\tmae FLOAT, \n\tr2_score FLOAT, \n\tmape FLOAT, \n\tprecision FLOAT, \n\trecall FLOAT, \n\tf1_score FLOAT, \n\ttraining_samples INTEGER, \n\tvalidation_samples INTEGER, \n\ttest_samples INTEGER, \n\ttraining_duration_minutes FLOAT, \n\tlast_trained_at DATETIME, \n\tfeature_importance JSON, \n\tcreated_at DATETIME, \n\tupdated_at DATETIME, \n\tPRIMARY KEY (id)\n)\n\n', ())
DEBUG    aiosqlite:core.py:67 operation functools.partial(<built-in method execute of sqlite3.Cursor object at 0x7f3823ea24c0>, '\nCREATE TABLE prediction_metrics (\n\tid INTEGER NOT NULL, \n\tmodel_name VARCHAR(100) NOT NULL, \n\tmodel_version VARCHAR(50) NOT NULL, \n\taccuracy FLOAT, \n\trmse FLOAT, \n\tmae FLOAT, \n\tr2_score FLOAT, \n\tmape FLOAT, \n\tprecision FLOAT, \n\trecall FLOAT, \n\tf1_score FLOAT, \n\ttraining_samples INTEGER, \n\tvalidation_samples INTEGER, \n\ttest_samples INTEGER, \n\ttraining_duration_minutes FLOAT, \n\tlast_trained_at DATETIME, \n\tfeature_importance JSON, \n\tcreated_at DATETIME, \n\tupdated_at DATETIME, \n\tPRIMARY KEY (id)\n)\n\n', ()) completed
DEBUG    aiosqlite:core.py:62 executing functools.partial(<built-in method close of sqlite3.Cursor object at 0x7f3823ea24c0>)
DEBUG    aiosqlite:core.py:67 operation functools.partial(<built-in method close of sqlite3.Cursor object at 0x7f3823ea24c0>) completed
DEBUG    aiosqlite:core.py:62 executing functools.partial(<built-in method cursor of sqlite3.Connection object at 0x7f380a0fa5c0>)
DEBUG    aiosqlite:core.py:67 operation functools.partial(<built-in method cursor of sqlite3.Connection object at 0x7f380a0fa5c0>) completed
DEBUG    aiosqlite:core.py:62 executing functools.partial(<built-in method execute of sqlite3.Cursor object at 0x7f380a101040>, 'CREATE INDEX ix_prediction_metrics_model_name ON prediction_metrics (model_name)', ())
DEBUG    aiosqlite:core.py:67 operation functools.partial(<built-in method execute of sqlite3.Cursor object at 0x7f380a101040>, 'CREATE INDEX ix_prediction_metrics_model_name ON prediction_metrics (model_name)', ()) completed
DEBUG    aiosqlite:core.py:62 executing functools.partial(<built-in method close of sqlite3.Cursor object at 0x7f380a101040>)
DEBUG    aiosqlite:core.py:67 operation functools.partial(<built-in method close of sqlite3.Cursor object at 0x7f380a101040>) completed
DEBUG    aiosqlite:core.py:62 executing functools.partial(<built-in method cursor of sqlite3.Connection object at 0x7f380a0fa5c0>)
DEBUG    aiosqlite:core.py:67 operation functools.partial(<built-in method cursor of sqlite3.Connection object at 0x7f380a0fa5c0>) completed
DEBUG    aiosqlite:core.py:62 executing functools.partial(<built-in method execute of sqlite3.Cursor object at 0x7f380a1014c0>, 'CREATE INDEX ix_prediction_metrics_created_at ON prediction_metrics (created_at)', ())
DEBUG    aiosqlite:core.py:67 operation functools.partial(<built-in method execute of sqlite3.Cursor object at 0x7f380a1014c0>, 'CREATE INDEX ix_prediction_metrics_created_at ON prediction_metrics (created_at)', ()) completed
DEBUG    aiosqlite:core.py:62 executing functools.partial(<built-in method close of sqlite3.Cursor object at 0x7f380a1014c0>)
DEBUG    aiosqlite:core.py:67 operation functools.partial(<built-in method close of sqlite3.Cursor object at 0x7f380a1014c0>) completed
DEBUG    aiosqlite:core.py:62 executing functools.partial(<built-in method cursor of sqlite3.Connection object at 0x7f380a0fa5c0>)
DEBUG    aiosqlite:core.py:67 operation functools.partial(<built-in method cursor of sqlite3.Connection object at 0x7f380a0fa5c0>) completed
DEBUG    aiosqlite:core.py:62 executing functools.partial(<built-in method execute of sqlite3.Cursor object at 0x7f380a100b40>, 'CREATE INDEX ix_prediction_metrics_id ON prediction_metrics (id)', ())
DEBUG    aiosqlite:core.py:67 operation functools.partial(<built-in method execute of sqlite3.Cursor object at 0x7f380a100b40>, 'CREATE INDEX ix_prediction_metrics_id ON prediction_metrics (id)', ()) completed
DEBUG    aiosqlite:core.py:62 executing functools.partial(<built-in method close of sqlite3.Cursor object at 0x7f380a100b40>)
DEBUG    aiosqlite:core.py:67 operation functools.partial(<built-in method close of sqlite3.Cursor object at 0x7f380a100b40>) completed
DEBUG    aiosqlite:core.py:62 executing functools.partial(<built-in method cursor of sqlite3.Connection object at 0x7f380a0fa5c0>)
DEBUG    aiosqlite:core.py:67 operation functools.partial(<built-in method cursor of sqlite3.Connection object at 0x7f380a0fa5c0>) completed
DEBUG    aiosqlite:core.py:62 executing functools.partial(<built-in method execute of sqlite3.Cursor object at 0x7f380a100fc0>, 'CREATE INDEX ix_prediction_metrics_model ON prediction_metrics (model_name, model_version)', ())
DEBUG    aiosqlite:core.py:67 operation functools.partial(<built-in method execute of sqlite3.Cursor object at 0x7f380a100fc0>, 'CREATE INDEX ix_prediction_metrics_model ON prediction_metrics (model_name, model_version)', ()) completed
DEBUG    aiosqlite:core.py:62 executing functools.partial(<built-in method close of sqlite3.Cursor object at 0x7f380a100fc0>)
DEBUG    aiosqlite:core.py:67 operation functools.partial(<built-in method close of sqlite3.Cursor object at 0x7f380a100fc0>) completed
DEBUG    aiosqlite:core.py:62 executing functools.partial(<built-in method cursor of sqlite3.Connection object at 0x7f380a0fa5c0>)
DEBUG    aiosqlite:core.py:67 operation functools.partial(<built-in method cursor of sqlite3.Connection object at 0x7f380a0fa5c0>) completed
DEBUG    aiosqlite:core.py:62 executing functools.partial(<built-in method execute of sqlite3.Cursor object at 0x7f380a101640>, '\nCREATE TABLE market_prices (\n\tid INTEGER NOT NULL, \n\tcommodity_id INTEGER NOT NULL, \n\tmarket_id INTEGER NOT NULL, \n\tdate DATE NOT NULL, \n\tmin_price FLOAT, \n\tmax_price FLOAT, \n\tmodal_price FLOAT, \n\tprice FLOAT NOT NULL, \n\tarrival FLOAT, \n\tcreated_at DATETIME, \n\tupdated_at DATETIME, \n\tPRIMARY KEY (id), \n\tCONSTRAINT uq_market_price UNIQUE (commodity_id, market_id, date), \n\tFOREIGN KEY(commodity_id) REFERENCES commodities (id), \n\tFOREIGN KEY(market_id) REFERENCES markets (id)\n)\n\n', ())
DEBUG    aiosqlite:core.py:67 operation functools.partial(<built-in method execute of sqlite3.Cursor object at 0x7f380a101640>, '\nCREATE TABLE market_prices (\n\tid INTEGER NOT NULL, \n\tcommodity_id INTEGER NOT NULL, \n\tmarket_id INTEGER NOT NULL, \n\tdate DATE NOT NULL, \n\tmin_price FLOAT, \n\tmax_price FLOAT, \n\tmodal_price FLOAT, \n\tprice FLOAT NOT NULL, \n\tarrival FLOAT, \n\tcreated_at DATETIME, \n\tupdated_at DATETIME, \n\tPRIMARY KEY (id), \n\tCONSTRAINT uq_market_price UNIQUE (commodity_id, market_id, date), \n\tFOREIGN KEY(commodity_id) REFERENCES commodities (id), \n\tFOREIGN KEY(market_id) REFERENCES markets (id)\n)\n\n', ()) completed
DEBUG    aiosqlite:core.py:62 executing functools.partial(<built-in method close of sqlite3.Cursor object at 0x7f380a101640>)
DEBUG    aiosqlite:core.py:67 operation functools.partial(<built-in method close of sqlite3.Cursor object at 0x7f380a101640>) completed
DEBUG    aiosqlite:core.py:62 executing functools.partial(<built-in method cursor of sqlite3.Connection object at 0x7f380a0fa5c0>)
DEBUG    aiosqlite:core.py:67 operation functools.partial(<built-in method cursor of sqlite3.Connection object at 0x7f380a0fa5c0>) completed
DEBUG    aiosqlite:core.py:62 executing functools.partial(<built-in method execute of sqlite3.Cursor object at 0x7f380a100cc0>, 'CREATE INDEX ix_market_prices_created_at ON market_prices (created_at)', ())
DEBUG    aiosqlite:core.py:67 operation functools.partial(<built-in method execute of sqlite3.Cursor object at 0x7f380a100cc0>, 'CREATE INDEX ix_market_prices_created_at ON market_prices (created_at)', ()) completed
DEBUG    aiosqlite:core.py:62 executing functools.partial(<built-in method close of sqlite3.Cursor object at 0x7f380a100cc0>)
DEBUG    aiosqlite:core.py:67 operation functools.partial(<built-in method close of sqlite3.Cursor object at 0x7f380a100cc0>) completed
DEBUG    aiosqlite:core.py:62 executing functools.partial(<built-in method cursor of sqlite3.Connection object at 0x7f380a0fa5c0>)
DEBUG    aiosqlite:core.py:67 operation functools.partial(<built-in method cursor of sqlite3.Connection object at 0x7f380a0fa5c0>) completed
DEBUG    aiosqlite:core.py:62 executing functools.partial(<built-in method execute of sqlite3.Cursor object at 0x7f380a1017c0>, 'CREATE INDEX ix_market_prices_id ON market_prices (id)', ())
DEBUG    aiosqlite:core.py:67 operation functools.partial(<built-in method execute of sqlite3.Cursor object at 0x7f380a1017c0>, 'CREATE INDEX ix_market_prices_id ON market_prices (id)', ()) completed
DEBUG    aiosqlite:core.py:62 executing functools.partial(<built-in method close of sqlite3.Cursor object at 0x7f380a1017c0>)
DEBUG    aiosqlite:core.py:67 operation functools.partial(<built-in method close of sqlite3.Cursor object at 0x7f380a1017c0>) completed
DEBUG    aiosqlite:core.py:62 executing functools.partial(<built-in method cursor of sqlite3.Connection object at 0x7f380a0fa5c0>)
DEBUG    aiosqlite:core.py:67 operation functools.partial(<built-in method cursor of sqlite3.Connection object at 0x7f380a0fa5c0>) completed
DEBUG    aiosqlite:core.py:62 executing functools.partial(<built-in method execute of sqlite3.Cursor object at 0x7f380a1012c0>, 'CREATE INDEX ix_market_prices_date ON market_prices (date)', ())
DEBUG    aiosqlite:core.py:67 operation functools.partial(<built-in method execute of sqlite3.Cursor object at 0x7f380a1012c0>, 'CREATE INDEX ix_market_prices_date ON market_prices (date)', ()) completed
DEBUG    aiosqlite:core.py:62 executing functools.partial(<built-in method close of sqlite3.Cursor object at 0x7f380a1012c0>)
DEBUG    aiosqlite:core.py:67 operation functools.partial(<built-in method close of sqlite3.Cursor object at 0x7f380a1012c0>) completed
DEBUG    aiosqlite:core.py:62 executing functools.partial(<built-in method cursor of sqlite3.Connection object at 0x7f380a0fa5c0>)
DEBUG    aiosqlite:core.py:67 operation functools.partial(<built-in method cursor of sqlite3.Connection object at 0x7f380a0fa5c0>) completed
DEBUG    aiosqlite:core.py:62 executing functools.partial(<built-in method execute of sqlite3.Cursor object at 0x7f380a100a40>, 'CREATE INDEX ix_market_price_date ON market_prices (date)', ())
DEBUG    aiosqlite:core.py:67 operation functools.partial(<built-in method execute of sqlite3.Cursor object at 0x7f380a100a40>, 'CREATE INDEX ix_market_price_date ON market_prices (date)', ()) completed
DEBUG    aiosqlite:core.py:62 executing functools.partial(<built-in method close of sqlite3.Cursor object at 0x7f380a100a40>)
DEBUG    aiosqlite:core.py:67 operation functools.partial(<built-in method close of sqlite3.Cursor object at 0x7f380a100a40>) completed
DEBUG    aiosqlite:core.py:62 executing functools.partial(<built-in method cursor of sqlite3.Connection object at 0x7f380a0fa5c0>)
DEBUG    aiosqlite:core.py:67 operation functools.partial(<built-in method cursor of sqlite3.Connection object at 0x7f380a0fa5c0>) completed
DEBUG    aiosqlite:core.py:62 executing functools.partial(<built-in method execute of sqlite3.Cursor object at 0x7f380a1015c0>, 'CREATE INDEX ix_market_price_commodity_market_date ON market_prices (commodity_id, market_id, date)', ())
DEBUG    aiosqlite:core.py:67 operation functools.partial(<built-in method execute of sqlite3.Cursor object at 0x7f380a1015c0>, 'CREATE INDEX ix_market_price_commodity_market_date ON market_prices (commodity_id, market_id, date)', ()) completed
DEBUG    aiosqlite:core.py:62 executing functools.partial(<built-in method close of sqlite3.Cursor object at 0x7f380a1015c0>)
DEBUG    aiosqlite:core.py:67 operation functools.partial(<built-in method close of sqlite3.Cursor object at 0x7f380a1015c0>) completed
DEBUG    aiosqlite:core.py:62 executing functools.partial(<built-in method cursor of sqlite3.Connection object at 0x7f380a0fa5c0>)
DEBUG    aiosqlite:core.py:67 operation functools.partial(<built-in method cursor of sqlite3.Connection object at 0x7f380a0fa5c0>) completed
DEBUG    aiosqlite:core.py:62 executing functools.partial(<built-in method execute of sqlite3.Cursor object at 0x7f380a1019c0>, '\nCREATE TABLE alerts (\n\tid INTEGER NOT NULL, \n\tcommodity_id INTEGER, \n\tmarket_id INTEGER, \n\talert_type VARCHAR(50) NOT NULL, \n\tpriority VARCHAR(20), \n\tstatus VARCHAR(20), \n\tconditions JSON, \n\tmessage TEXT, \n\ttriggered_at DATETIME, \n\tresolved_at DATETIME, \n\tcreated_at DATETIME, \n\tupdated_at DATETIME, \n\tPRIMARY KEY (id), \n\tFOREIGN KEY(commodity_id) REFERENCES commodities (id), \n\tFOREIGN KEY(market_id) REFERENCES markets (id)\n)\n\n', ())
DEBUG    aiosqlite:core.py:67 operation functools.partial(<built-in method execute of sqlite3.Cursor object at 0x7f380a1019c0>, '\nCREATE TABLE alerts (\n\tid INTEGER NOT NULL, \n\tcommodity_id INTEGER, \n\tmarket_id INTEGER, \n\talert_type VARCHAR(50) NOT NULL, \n\tpriority VARCHAR(20), \n\tstatus VARCHAR(20), \n\tconditions JSON, \n\tmessage TEXT, \n\ttriggered_at DATETIME, \n\tresolved_at DATETIME, \n\tcreated_at DATETIME, \n\tupdated_at DATETIME, \n\tPRIMARY KEY (id), \n\tFOREIGN KEY(commodity_id) REFERENCES commodities (id), \n\tFOREIGN KEY(market_id) REFERENCES markets (id)\n)\n\n', ()) completed
DEBUG    aiosqlite:core.py:62 executing functools.partial(<built-in method close of sqlite3.Cursor object at 0x7f380a1019c0>)
DEBUG    aiosqlite:core.py:67 operation functools.partial(<built-in method close of sqlite3.Cursor object at 0x7f380a1019c0>) completed
DEBUG    aiosqlite:core.py:62 executing functools.partial(<built-in method cursor of sqlite3.Connection object at 0x7f380a0fa5c0>)
DEBUG    aiosqlite:core.py:67 operation functools.partial(<built-in method cursor of sqlite3.Connection object at 0x7f380a0fa5c0>) completed
DEBUG    aiosqlite:core.py:62 executing functools.partial(<built-in method execute of sqlite3.Cursor object at 0x7f380a101b40>, 'CREATE INDEX ix_alerts_id ON alerts (id)', ())
DEBUG    aiosqlite:core.py:67 operation functools.partial(<built-in method execute of sqlite3.Cursor object at 0x7f380a101b40>, 'CREATE INDEX ix_alerts_id ON alerts (id)', ()) completed
DEBUG    aiosqlite:core.py:62 executing functools.partial(<built-in method close of sqlite3.Cursor object at 0x7f380a101b40>)
DEBUG    aiosqlite:core.py:67 operation functools.partial(<built-in method close of sqlite3.Cursor object at 0x7f380a101b40>) completed
DEBUG    aiosqlite:core.py:62 executing functools.partial(<built-in method cursor of sqlite3.Connection object at 0x7f380a0fa5c0>)
DEBUG    aiosqlite:core.py:67 operation functools.partial(<built-in method cursor of sqlite3.Connection object at 0x7f380a0fa5c0>) completed
DEBUG    aiosqlite:core.py:62 executing functools.partial(<built-in method execute of sqlite3.Cursor object at 0x7f380a1009c0>, 'CREATE INDEX ix_alerts_triggered_at ON alerts (triggered_at)', ())
DEBUG    aiosqlite:core.py:67 operation functools.partial(<built-in method execute of sqlite3.Cursor object at 0x7f380a1009c0>, 'CREATE INDEX ix_alerts_triggered_at ON alerts (triggered_at)', ()) completed
DEBUG    aiosqlite:core.py:62 executing functools.partial(<built-in method close of sqlite3.Cursor object at 0x7f380a1009c0>)
DEBUG    aiosqlite:core.py:67 operation functools.partial(<built-in method close of sqlite3.Cursor object at 0x7f380a1009c0>) completed
DEBUG    aiosqlite:core.py:62 executing functools.partial(<built-in method cursor of sqlite3.Connection object at 0x7f380a0fa5c0>)
DEBUG    aiosqlite:core.py:67 operation functools.partial(<built-in method cursor of sqlite3.Connection object at 0x7f380a0fa5c0>) completed
DEBUG    aiosqlite:core.py:62 executing functools.partial(<built-in method execute of sqlite3.Cursor object at 0x7f380a100ac0>, 'CREATE INDEX ix_alerts_alert_type ON alerts (alert_type)', ())
DEBUG    aiosqlite:core.py:67 operation functools.partial(<built-in method execute of sqlite3.Cursor object at 0x7f380a100ac0>, 'CREATE INDEX ix_alerts_alert_type ON alerts (alert_type)', ()) completed
DEBUG    aiosqlite:core.py:62 executing functools.partial(<built-in method close of sqlite3.Cursor object at 0x7f380a100ac0>)
DEBUG    aiosqlite:core.py:67 operation functools.partial(<built-in method close of sqlite3.Cursor object at 0x7f380a100ac0>) completed
DEBUG    aiosqlite:core.py:62 executing functools.partial(<built-in method cursor of sqlite3.Connection object at 0x7f380a0fa5c0>)
DEBUG    aiosqlite:core.py:67 operation functools.partial(<built-in method cursor of sqlite3.Connection object at 0x7f380a0fa5c0>) completed
DEBUG    aiosqlite:core.py:62 executing functools.partial(<built-in method execute of sqlite3.Cursor object at 0x7f380a100e40>, 'CREATE INDEX ix_alerts_priority ON alerts (priority)', ())
DEBUG    aiosqlite:core.py:67 operation functools.partial(<built-in method execute of sqlite3.Cursor object at 0x7f380a100e40>, 'CREATE INDEX ix_alerts_priority ON alerts (priority)', ()) completed
DEBUG    aiosqlite:core.py:62 executing functools.partial(<built-in method close of sqlite3.Cursor object at 0x7f380a100e40>)
DEBUG    aiosqlite:core.py:67 operation functools.partial(<built-in method close of sqlite3.Cursor object at 0x7f380a100e40>) completed
DEBUG    aiosqlite:core.py:62 executing functools.partial(<built-in method cursor of sqlite3.Connection object at 0x7f380a0fa5c0>)
DEBUG    aiosqlite:core.py:67 operation functools.partial(<built-in method cursor of sqlite3.Connection object at 0x7f380a0fa5c0>) completed
DEBUG    aiosqlite:core.py:62 executing functools.partial(<built-in method execute of sqlite3.Cursor object at 0x7f380a101940>, 'CREATE INDEX ix_alert_status_priority ON alerts (status, priority)', ())
DEBUG    aiosqlite:core.py:67 operation functools.partial(<built-in method execute of sqlite3.Cursor object at 0x7f380a101940>, 'CREATE INDEX ix_alert_status_priority ON alerts (status, priority)', ()) completed
DEBUG    aiosqlite:core.py:62 executing functools.partial(<built-in method close of sqlite3.Cursor object at 0x7f380a101940>)
DEBUG    aiosqlite:core.py:67 operation functools.partial(<built-in method close of sqlite3.Cursor object at 0x7f380a101940>) completed
DEBUG    aiosqlite:core.py:62 executing functools.partial(<built-in method cursor of sqlite3.Connection object at 0x7f380a0fa5c0>)
DEBUG    aiosqlite:core.py:67 operation functools.partial(<built-in method cursor of sqlite3.Connection object at 0x7f380a0fa5c0>) completed
DEBUG    aiosqlite:core.py:62 executing functools.partial(<built-in method execute of sqlite3.Cursor object at 0x7f380a101e40>, 'CREATE INDEX ix_alerts_created_at ON alerts (created_at)', ())
DEBUG    aiosqlite:core.py:67 operation functools.partial(<built-in method execute of sqlite3.Cursor object at 0x7f380a101e40>, 'CREATE INDEX ix_alerts_created_at ON alerts (created_at)', ()) completed
DEBUG    aiosqlite:core.py:62 executing functools.partial(<built-in method close of sqlite3.Cursor object at 0x7f380a101e40>)
DEBUG    aiosqlite:core.py:67 operation functools.partial(<built-in method close of sqlite3.Cursor object at 0x7f380a101e40>) completed
DEBUG    aiosqlite:core.py:62 executing functools.partial(<built-in method cursor of sqlite3.Connection object at 0x7f380a0fa5c0>)
DEBUG    aiosqlite:core.py:67 operation functools.partial(<built-in method cursor of sqlite3.Connection object at 0x7f380a0fa5c0>) completed
DEBUG    aiosqlite:core.py:62 executing functools.partial(<built-in method execute of sqlite3.Cursor object at 0x7f380a1010c0>, 'CREATE INDEX ix_alerts_status ON alerts (status)', ())
DEBUG    aiosqlite:core.py:67 operation functools.partial(<built-in method execute of sqlite3.Cursor object at 0x7f380a1010c0>, 'CREATE INDEX ix_alerts_status ON alerts (status)', ()) completed
DEBUG    aiosqlite:core.py:62 executing functools.partial(<built-in method close of sqlite3.Cursor object at 0x7f380a1010c0>)
DEBUG    aiosqlite:core.py:67 operation functools.partial(<built-in method close of sqlite3.Cursor object at 0x7f380a1010c0>) completed
DEBUG    aiosqlite:core.py:62 executing functools.partial(<built-in method cursor of sqlite3.Connection object at 0x7f380a0fa5c0>)
DEBUG    aiosqlite:core.py:67 operation functools.partial(<built-in method cursor of sqlite3.Connection object at 0x7f380a0fa5c0>) completed
DEBUG    aiosqlite:core.py:62 executing functools.partial(<built-in method execute of sqlite3.Cursor object at 0x7f380a1011c0>, '\nCREATE TABLE inventory (\n\tid INTEGER NOT NULL, \n\tcommodity_id INTEGER NOT NULL, \n\tmarket_id INTEGER NOT NULL, \n\tcurrent_stock FLOAT NOT NULL, \n\toptimal_stock FLOAT, \n\tmin_stock FLOAT, \n\tmax_stock FLOAT, \n\treorder_point FLOAT, \n\tlast_restocked_at DATETIME, \n\tnotes TEXT, \n\tcreated_at DATETIME, \n\tupdated_at DATETIME, \n\tPRIMARY KEY (id), \n\tCONSTRAINT uq_inventory UNIQUE (commodity_id, market_id), \n\tFOREIGN KEY(commodity_id) REFERENCES commodities (id), \n\tFOREIGN KEY(market_id) REFERENCES markets (id)\n)\n\n', ())
DEBUG    aiosqlite:core.py:67 operation functools.partial(<built-in method execute of sqlite3.Cursor object at 0x7f380a1011c0>, '\nCREATE TABLE inventory (\n\tid INTEGER NOT NULL, \n\tcommodity_id INTEGER NOT NULL, \n\tmarket_id INTEGER NOT NULL, \n\tcurrent_stock FLOAT NOT NULL, \n\toptimal_stock FLOAT, \n\tmin_stock FLOAT, \n\tmax_stock FLOAT, \n\treorder_point FLOAT, \n\tlast_restocked_at DATETIME, \n\tnotes TEXT, \n\tcreated_at DATETIME, \n\tupdated_at DATETIME, \n\tPRIMARY KEY (id), \n\tCONSTRAINT uq_inventory UNIQUE (commodity_id, market_id), \n\tFOREIGN KEY(commodity_id) REFERENCES commodities (id), \n\tFOREIGN KEY(market_id) REFERENCES markets (id)\n)\n\n', ()) completed
DEBUG    aiosqlite:core.py:62 executing functools.partial(<built-in method close of sqlite3.Cursor object at 0x7f380a1011c0>)
DEBUG    aiosqlite:core.py:67 operation functools.partial(<built-in method close of sqlite3.Cursor object at 0x7f380a1011c0>) completed
DEBUG    aiosqlite:core.py:62 executing functools.partial(<built-in method cursor of sqlite3.Connection object at 0x7f380a0fa5c0>)
DEBUG    aiosqlite:core.py:67 operation functools.partial(<built-in method cursor of sqlite3.Connection object at 0x7f380a0fa5c0>) completed
DEBUG    aiosqlite:core.py:62 executing functools.partial(<built-in method execute of sqlite3.Cursor object at 0x7f380a101dc0>, 'CREATE INDEX ix_inventory_id ON inventory (id)', ())
DEBUG    aiosqlite:core.py:67 operation functools.partial(<built-in method execute of sqlite3.Cursor object at 0x7f380a101dc0>, 'CREATE INDEX ix_inventory_id ON inventory (id)', ()) completed
DEBUG    aiosqlite:core.py:62 executing functools.partial(<built-in method close of sqlite3.Cursor object at 0x7f380a101dc0>)
DEBUG    aiosqlite:core.py:67 operation functools.partial(<built-in method close of sqlite3.Cursor object at 0x7f380a101dc0>) completed
DEBUG    aiosqlite:core.py:62 executing functools.partial(<built-in method cursor of sqlite3.Connection object at 0x7f380a0fa5c0>)
DEBUG    aiosqlite:core.py:67 operation functools.partial(<built-in method cursor of sqlite3.Connection object at 0x7f380a0fa5c0>) completed
DEBUG    aiosqlite:core.py:62 executing functools.partial(<built-in method execute of sqlite3.Cursor object at 0x7f380a100f40>, 'CREATE INDEX ix_inventory_created_at ON inventory (created_at)', ())
DEBUG    aiosqlite:core.py:67 operation functools.partial(<built-in method execute of sqlite3.Cursor object at 0x7f380a100f40>, 'CREATE INDEX ix_inventory_created_at ON inventory (created_at)', ()) completed
DEBUG    aiosqlite:core.py:62 executing functools.partial(<built-in method close of sqlite3.Cursor object at 0x7f380a100f40>)
DEBUG    aiosqlite:core.py:67 operation functools.partial(<built-in method close of sqlite3.Cursor object at 0x7f380a100f40>) completed
DEBUG    aiosqlite:core.py:62 executing functools.partial(<built-in method cursor of sqlite3.Connection object at 0x7f380a0fa5c0>)
DEBUG    aiosqlite:core.py:67 operation functools.partial(<built-in method cursor of sqlite3.Connection object at 0x7f380a0fa5c0>) completed
DEBUG    aiosqlite:core.py:62 executing functools.partial(<built-in method execute of sqlite3.Cursor object at 0x7f380a101a40>, '\nCREATE TABLE predictions (\n\tid INTEGER NOT NULL, \n\tcommodity_id INTEGER NOT NULL, \n\tmarket_id INTEGER NOT NULL, \n\tprediction_date DATE NOT NULL, \n\tpredicted_price FLOAT NOT NULL, \n\tactual_price FLOAT, \n\tconfidence FLOAT, \n\tmodel_used VARCHAR(100), \n\terror FLOAT, \n\taccuracy FLOAT, \n\tcreated_at DATETIME, \n\tPRIMARY KEY (id), \n\tFOREIGN KEY(commodity_id) REFERENCES commodities (id), \n\tFOREIGN KEY(market_id) REFERENCES markets (id)\n)\n\n', ())
DEBUG    aiosqlite:core.py:67 operation functools.partial(<built-in method execute of sqlite3.Cursor object at 0x7f380a101a40>, '\nCREATE TABLE predictions (\n\tid INTEGER NOT NULL, \n\tcommodity_id INTEGER NOT NULL, \n\tmarket_id INTEGER NOT NULL, \n\tprediction_date DATE NOT NULL, \n\tpredicted_price FLOAT NOT NULL, \n\tactual_price FLOAT, \n\tconfidence FLOAT, \n\tmodel_used VARCHAR(100), \n\terror FLOAT, \n\taccuracy FLOAT, \n\tcreated_at DATETIME, \n\tPRIMARY KEY (id), \n\tFOREIGN KEY(commodity_id) REFERENCES commodities (id), \n\tFOREIGN KEY(market_id) REFERENCES markets (id)\n)\n\n', ()) completed
DEBUG    aiosqlite:core.py:62 executing functools.partial(<built-in method close of sqlite3.Cursor object at 0x7f380a101a40>)
DEBUG    aiosqlite:core.py:67 operation functools.partial(<built-in method close of sqlite3.Cursor object at 0x7f380a101a40>) completed
DEBUG    aiosqlite:core.py:62 executing functools.partial(<built-in method cursor of sqlite3.Connection object at 0x7f380a0fa5c0>)
DEBUG    aiosqlite:core.py:67 operation functools.partial(<built-in method cursor of sqlite3.Connection object at 0x7f380a0fa5c0>) completed
DEBUG    aiosqlite:core.py:62 executing functools.partial(<built-in method execute of sqlite3.Cursor object at 0x7f380a101cc0>, 'CREATE INDEX ix_predictions_prediction_date ON predictions (prediction_date)', ())
DEBUG    aiosqlite:core.py:67 operation functools.partial(<built-in method execute of sqlite3.Cursor object at 0x7f380a101cc0>, 'CREATE INDEX ix_predictions_prediction_date ON predictions (prediction_date)', ()) completed
DEBUG    aiosqlite:core.py:62 executing functools.partial(<built-in method close of sqlite3.Cursor object at 0x7f380a101cc0>)
DEBUG    aiosqlite:core.py:67 operation functools.partial(<built-in method close of sqlite3.Cursor object at 0x7f380a101cc0>) completed
DEBUG    aiosqlite:core.py:62 executing functools.partial(<built-in method cursor of sqlite3.Connection object at 0x7f380a0fa5c0>)
DEBUG    aiosqlite:core.py:67 operation functools.partial(<built-in method cursor of sqlite3.Connection object at 0x7f380a0fa5c0>) completed
DEBUG    aiosqlite:core.py:62 executing functools.partial(<built-in method execute of sqlite3.Cursor object at 0x7f380a101540>, 'CREATE INDEX ix_predictions_created_at ON predictions (created_at)', ())
DEBUG    aiosqlite:core.py:67 operation functools.partial(<built-in method execute of sqlite3.Cursor object at 0x7f380a101540>, 'CREATE INDEX ix_predictions_created_at ON predictions (created_at)', ()) completed
DEBUG    aiosqlite:core.py:62 executing functools.partial(<built-in method close of sqlite3.Cursor object at 0x7f380a101540>)
DEBUG    aiosqlite:core.py:67 operation functools.partial(<built-in method close of sqlite3.Cursor object at 0x7f380a101540>) completed
DEBUG    aiosqlite:core.py:62 executing functools.partial(<built-in method cursor of sqlite3.Connection object at 0x7f380a0fa5c0>)
DEBUG    aiosqlite:core.py:67 operation functools.partial(<built-in method cursor of sqlite3.Connection object at 0x7f380a0fa5c0>) completed
DEBUG    aiosqlite:core.py:62 executing functools.partial(<built-in method execute of sqlite3.Cursor object at 0x7f380a101840>, 'CREATE INDEX ix_predictions_id ON predictions (id)', ())
DEBUG    aiosqlite:core.py:67 operation functools.partial(<built-in method execute of sqlite3.Cursor object at 0x7f380a101840>, 'CREATE INDEX ix_predictions_id ON predictions (id)', ()) completed
DEBUG    aiosqlite:core.py:62 executing functools.partial(<built-in method close of sqlite3.Cursor object at 0x7f380a101840>)
DEBUG    aiosqlite:core.py:67 operation functools.partial(<built-in method close of sqlite3.Cursor object at 0x7f380a101840>) completed
DEBUG    aiosqlite:core.py:62 executing functools.partial(<built-in method cursor of sqlite3.Connection object at 0x7f380a0fa5c0>)
DEBUG    aiosqlite:core.py:67 operation functools.partial(<built-in method cursor of sqlite3.Connection object at 0x7f380a0fa5c0>) completed
DEBUG    aiosqlite:core.py:62 executing functools.partial(<built-in method execute of sqlite3.Cursor object at 0x7f380a101ac0>, 'CREATE INDEX ix_prediction_date_commodity_market ON predictions (prediction_date, commodity_id, market_id)', ())
DEBUG    aiosqlite:core.py:67 operation functools.partial(<built-in method execute of sqlite3.Cursor object at 0x7f380a101ac0>, 'CREATE INDEX ix_prediction_date_commodity_market ON predictions (prediction_date, commodity_id, market_id)', ()) completed
DEBUG    aiosqlite:core.py:62 executing functools.partial(<built-in method close of sqlite3.Cursor object at 0x7f380a101ac0>)
DEBUG    aiosqlite:core.py:67 operation functools.partial(<built-in method close of sqlite3.Cursor object at 0x7f380a101ac0>) completed
DEBUG    aiosqlite:core.py:62 executing functools.partial(<built-in method commit of sqlite3.Connection object at 0x7f380a0fa5c0>)
DEBUG    aiosqlite:core.py:67 operation functools.partial(<built-in method commit of sqlite3.Connection object at 0x7f380a0fa5c0>) completed
DEBUG    aiosqlite:core.py:62 executing functools.partial(<built-in method rollback of sqlite3.Connection object at 0x7f380a0fa5c0>)
DEBUG    aiosqlite:core.py:67 operation functools.partial(<built-in method rollback of sqlite3.Connection object at 0x7f380a0fa5c0>) completed
=============================== warnings summary ===============================
.venv/lib64/python3.12/site-packages/starlette/formparsers.py:10
  /home/vishal/code/agritech/.venv/lib64/python3.12/site-packages/starlette/formparsers.py:10: PendingDeprecationWarning: Please use `import python_multipart` instead.
    import multipart

app/database/models.py:23
  /home/vishal/code/agritech/app/database/models.py:23: MovedIn20Warning: The ``declarative_base()`` function is now available as sqlalchemy.orm.declarative_base(). (deprecated since: 2.0) (Background on SQLAlchemy 2.0 at: https://sqlalche.me/e/b8d9)
    Base = declarative_base()

tests/test_health.py::test_health_endpoint
  /home/vishal/code/agritech/app/models/schemas.py:57: PydanticDeprecatedSince20: Support for class-based `config` is deprecated, use ConfigDict instead. Deprecated in Pydantic V2.0 to be removed in V3.0. See Pydantic V2 Migration Guide at https://errors.pydantic.dev/2.12/migration/
    class BaseSchema(BaseModel):

-- Docs: https://docs.pytest.org/en/stable/how-to/capture-warnings.html
================================ tests coverage ================================
_______________ coverage: platform linux, python 3.12.12-final-0 _______________

Name                                    Stmts   Miss Branch BrPart  Cover   Missing
-----------------------------------------------------------------------------------
app/__init__.py                             1      0      0      0   100%
app/api/__init__.py                         0      0      0      0   100%
app/api/dependencies.py                    41     21      4      0    44%   31-32, 38, 43, 48, 53, 58, 65, 70, 87-98, 104-106
app/api/frontend.py                       158    137     44      0    10%   46-69, 86-185, 198-260, 273-304, 320-359
app/api/v1/__init__.py                      0      0      0      0   100%
app/api/v1/endpoints/__init__.py            2      0      0      0   100%
app/api/v1/endpoints/alerts.py            103     81     36      0    16%   48-106, 137-179, 191-199, 223-269, 281-297, 309-333
app/api/v1/endpoints/health.py             16      7      0      0    56%   29-57
app/api/v1/endpoints/inventory.py         104     85     32      0    14%   59-100, 126-249, 264-309
app/api/v1/endpoints/market_data.py        91     70     32      0    17%   48-71, 83-91, 118-144, 156-164, 200-274, 289-325
app/api/v1/endpoints/model_metrics.py      57     42     14      0    21%   42-109, 121-155, 174-186
app/api/v1/endpoints/predictions.py       113     94     22      0    14%   61-248, 268-303, 321-355
app/api/v1/endpoints/scheduler.py          31     21      0      0    32%   12-24, 30-40, 46-56
app/api/v1/router.py                       10      0      0      0   100%
app/config.py                              87     11     10      3    81%   118, 120-123, 126, 131-133, 138, 143
app/core/__init__.py                        0      0      0      0   100%
app/core/exceptions.py                     37     14      0      0    62%   15-18, 25, 32, 39, 46, 53, 60, 67, 74, 81, 88
app/core/festival_calendar.py              92     76     40      0    12%   10-12, 16, 50, 73-79, 83-84, 88-102, 106-113, 117-151, 155-168, 172-181, 185-204
app/core/logging_config.py                 52     21     16      3    53%   21-22, 27-28, 37-55, 60-72, 114, 147, 182
app/core/utils.py                          81     54     16      0    28%   14, 19, 24, 29, 34, 39, 44, 49-51, 56, 61-63, 68-69, 74-76, 81-83, 90-97, 102-111, 116, 121-123, 128-133, 138-150, 155, 160
app/database/__init__.py                    0      0      0      0   100%
app/database/connection.py                 70     50     16      0    23%   26-34, 41-59, 66-94, 99-110, 115-126, 133-136, 143-146, 152-153
app/database/models.py                    133      7      0      0    95%   45, 73, 104, 134, 164, 197, 222
app/database/repositories.py              202    148     26      0    24%   26-27, 31-41, 45-47, 51-53, 57-62, 66-71, 75-77, 84, 88-90, 94-96, 100-107, 114, 118-120, 124-126, 130-136, 140-147, 154, 163-171, 175-187, 196-210, 214-221, 225-228, 232-239, 243-286, 293, 297-299, 303-305, 309-311, 315-319, 326, 330-337, 341-345, 349-351, 358, 362-369, 373-375, 382, 392-404, 408-422
app/main.py                                66     32      6      1    49%   26-43, 72-86, 93-98, 112-120, 134-142, 157, 174-176
app/ml/__init__.py                          0      0      0      0   100%
app/ml/ensemble.py                        269    228     96      0    11%   24-25, 28-29, 41-42, 57-66, 78-94, 104-197, 207-212, 216-224, 228-238, 242-246, 255-262, 276-305, 319-341, 355-385, 399-429, 443-453, 478-494, 503-511
app/ml/model_metrics.py                    93     73     18      0    18%   35-85, 105-128, 145-158, 175-195, 211-227, 243-261, 276-292
app/ml/predictor.py                        84     63     18      0    21%   23-28, 32-35, 38, 47-50, 69-127, 144-178, 193-194, 207-217, 227-245, 249-250, 259
app/ml/preprocessor.py                    180    159     64      0     9%   20-29, 32-39, 43-75, 91-117, 133-142, 158-172, 188-202, 218-240, 267-333, 357-425, 437-445
app/ml/trainer.py                         147    115     32      0    18%   18, 29-35, 41-83, 89-131, 137-175, 181-215, 221-243, 256-277, 288-326, 330-337, 341-348, 352-359, 363-365, 374-384
app/models/__init__.py                      0      0      0      0   100%
app/models/schemas.py                     406      3      0      0    99%   191-193
app/scraper/__init__.py                     0      0      0      0   100%
app/scraper/agmarknet_scraper.py          202    176     52      0    10%   30-39, 45-53, 57-141, 145-215, 225-255, 265-277, 281-344, 348-370, 374-417, 421-493, 497-538, 542
app/scraper/data_validator.py              97     79     32      0    14%   29-86, 102-111, 127-136, 149-176, 193-214, 229-238
app/scraper/utils.py                       94     67     28      0    22%   36-44, 55-56, 95-110, 134-144, 160-169, 183-193, 207-217, 231-261
app/services/__init__.py                    0      0      0      0   100%
app/services/scheduler.py                 139    112     42      0    15%   30-33, 37-51, 55-94, 98-185, 189-212, 216-221, 225-237, 247-250
app/tests/__init__.py                       0      0      0      0   100%
app/tests/conftest.py                      61     61      4      0     0%   3-135
app/tests/test_api/__init__.py              0      0      0      0   100%
app/tests/test_api/test_health.py          27     27      0      0     0%   3-41
app/tests/test_ml/__init__.py               0      0      0      0   100%
app/tests/test_scraper/__init__.py          0      0      0      0   100%
-----------------------------------------------------------------------------------
TOTAL                                    3346   2134    700      7    30%
Coverage HTML written to dir htmlcov
Coverage XML written to file coverage.xml
FAIL Required test coverage of 80% not reached. Total coverage: 30.18%
=========================== short test summary info ============================
ERROR tests/test_health.py::test_health_endpoint - TypeError: Client.__init__() got an unexpected keyword argument 'app'
ERROR tests/test_health.py::test_health_endpoint_structure - TypeError: Client.__init__() got an unexpected keyword argument 'app'
======================== 3 warnings, 2 errors in 6.59s =========================
